<?xml version="1.0" encoding="UTF-8"?>
<!-- Generated by org.testng.reporters.JUnitReportReporter -->
<testsuite hostname="DESKTOP-2GG0O67" failures="0" tests="1" name="Imdb" time="23.516" errors="0" timestamp="22 Feb 2023 10:25:58 GMT">
  <testcase classname="Imdb" name="pushpaMovieTest" time="23.516"/>
</testsuite> <!-- Imdb -->
