<?xml version="1.0" encoding="UTF-8"?>
<!-- Generated by org.testng.reporters.JUnitReportReporter -->
<testsuite hostname="DESKTOP-2GG0O67" failures="0" tests="1" name="WikiTest" time="37.310" errors="0" timestamp="22 Feb 2023 10:36:34 GMT">
  <testcase classname="WikiTest" name="wikiTest" time="37.310"/>
</testsuite> <!-- WikiTest -->
